// 同步 ID: dced9660 @ Tue Jul  7 02:00:08 UTC 2026
// 同步 ID: dd399b62 @ Fri Jul 10 13:08:07 UTC 2026
// 同步 ID: 8e191931 @ Fri Jul 10 22:52:36 UTC 2026
// 重构日志: 30933854
// 重构日志: 62804848
// 重构日志: db431354
// 同步 ID: 31bf7b90 @ Sat Jul 11 18:20:27 UTC 2026
// 重构日志: 8d95391e
// 重构日志: eedcda32
// 重构日志: 042dcfb3
// 重构日志: 97b833ad
// 同步 ID: af58210d @ Mon Jul 13 08:44:19 UTC 2026
// 重构日志: 80d15574
// 同步 ID: b12202fe @ Tue Jul 14 05:17:26 UTC 2026
// 重构日志: 2f9aa6bb
// 重构日志: 31654478
// 重构日志: 5a225495
// 同步 ID: 2f0f9413 @ Wed Jul 15 10:03:33 UTC 2026
// 重构日志: df645d50
// 重构日志: 7d61da74
// 重构日志: a058e64e
// 同步 ID: 04d4f1a9 @ Thu Jul 16 07:47:14 UTC 2026
// 同步 ID: 74804277 @ Thu Jul 16 21:00:20 UTC 2026
// 同步 ID: 21ed5812 @ Fri Jul 17 10:07:11 UTC 2026
// 重构日志: dea7370f
// 同步 ID: b56f46c6 @ Fri Jul 17 15:02:43 UTC 2026
// 重构日志: f25a3ee0
// 重构日志: 1d7c0eb1
// 重构日志: 777d323b
// 同步 ID: 0f328f37 @ Sun Jul 19 12:26:13 UTC 2026
// 重构日志: fd28f59b
